#
# There is insufficient memory for the Java Runtime Environment to continue.
# Native memory allocation (malloc) failed to allocate 561632 bytes. Error detail: Chunk::new
# Possible reasons:
#   The system is out of physical RAM or swap space
#   This process is running with CompressedOops enabled, and the Java Heap may be blocking the growth of the native heap
# Possible solutions:
#   Reduce memory load on the system
#   Increase physical memory or swap space
#   Check if swap backing store is full
#   Decrease Java heap size (-Xmx/-Xms)
#   Decrease number of Java threads
#   Decrease Java thread stack sizes (-Xss)
#   Set larger code cache with -XX:ReservedCodeCacheSize=
#   JVM is running with Unscaled Compressed Oops mode in which the Java heap is
#     placed in the first 4GB address space. The Java Heap base address is the
#     maximum limit for the native heap growth. Please use -XX:HeapBaseMinAddress
#     to set the Java Heap base and to place the Java Heap above 4GB virtual address.
# This output file may be truncated or incomplete.
#
#  Out of Memory Error (arena.cpp:191), pid=6464, tid=47440
#
# JRE version: OpenJDK Runtime Environment JBR-17.0.12+1-1207.37-jcef (17.0.12+1) (build 17.0.12+1-b1207.37)
# Java VM: OpenJDK 64-Bit Server VM JBR-17.0.12+1-1207.37-jcef (17.0.12+1-b1207.37, mixed mode, tiered, compressed oops, compressed class ptrs, g1 gc, windows-amd64)
# No core dump will be written. Minidumps are not enabled by default on client versions of Windows
#

---------------  S U M M A R Y ------------

Command Line: -Djava.rmi.server.hostname=127.0.0.1 -Duser.timezone=UTC -Xmx2048m -Xms128m -Djdbc.classpath=D:\IntelliJ IDEA 2024.1.4\plugins\DatabaseTools\lib\jdbc-console.jar;C:\Users\Tasriad Ahmed Tias\AppData\Roaming\JetBrains\IntelliJIdea2024.1\jdbc-drivers\PostgreSQL\42.7.3\org\postgresql\postgresql\42.7.3\postgresql-42.7.3.jar;C:\Users\Tasriad Ahmed Tias\AppData\Roaming\JetBrains\IntelliJIdea2024.1\jdbc-drivers\PostgreSQL\42.7.3\org\checkerframework\checker-qual\3.42.0\checker-qual-3.42.0.jar;C:\Users\Tasriad Ahmed Tias\AppData\Roaming\JetBrains\IntelliJIdea2024.1\jdbc-drivers\PostgreSQL\42.7.3\com\github\waffle\waffle-jna\1.9.1\waffle-jna-1.9.1.jar;C:\Users\Tasriad Ahmed Tias\AppData\Roaming\JetBrains\IntelliJIdea2024.1\jdbc-drivers\PostgreSQL\42.7.3\net\java\dev\jna\jna\4.5.1\jna-4.5.1.jar;C:\Users\Tasriad Ahmed Tias\AppData\Roaming\JetBrains\IntelliJIdea2024.1\jdbc-drivers\PostgreSQL\42.7.3\net\java\dev\jna\jna-platform\4.5.1\jna-platform-4.5.1.jar;C:\Users\Tasriad Ahmed Tias\AppData\Roaming\JetBrains\IntelliJIdea2024.1\jdbc-drivers\PostgreSQL\42.7.3\org\slf4j\jcl-over-slf4j\1.7.25\jcl-over-slf4j-1.7.25.jar;C:\Users\Tasriad Ahmed Tias\AppData\Roaming\JetBrains\IntelliJIdea2024.1\jdbc-drivers\PostgreSQL\42.7.3\org\slf4j\slf4j-api\1.7.25\slf4j-api-1.7.25.jar;C:\Users\Tasriad Ahmed Tias\AppData\Roaming\JetBrains\IntelliJIdea2024.1\jdbc-drivers\PostgreSQL\42.7.3\com\github\ben-manes\caffeine\caffeine\2.6.2\caffeine-2.6.2.jar --add-exports=java.desktop/sun.awt=ALL-UNNAMED --add-exports=java.desktop/java.awt.peer=ALL-UNNAMED --add-opens=java.desktop/java.awt=ALL-UNNAMED --add-opens=jdk.unsupported/sun.misc=ALL-UNNAMED --add-opens=java.base/java.nio=ALL-UNNAMED --add-opens=java.base/java.util=ALL-UNNAMED -Dfile.encoding=UTF-8 com.intellij.database.remote.RemoteJdbcServer org.postgresql.Driver

Host: 12th Gen Intel(R) Core(TM) i5-12500H, 16 cores, 15G,  Windows 11 , 64 bit Build 26100 (10.0.26100.4202)
Time: Fri Jul 25 01:23:54 2025 Bangladesh Standard Time elapsed time: 6176.034339 seconds (0d 1h 42m 56s)

---------------  T H R E A D  ---------------

Current thread (0x00000222ffbe58f0):  JavaThread "C2 CompilerThread0" daemon [_thread_in_native, id=47440, stack(0x000000d957b00000,0x000000d957c00000)]


Current CompileTask:
C2:6176035 2294  s    4       java.io.BufferedOutputStream::flush (12 bytes)

Stack: [0x000000d957b00000,0x000000d957c00000]
Native frames: (J=compiled Java code, j=interpreted, Vv=VM code, C=native code)
V  [jvm.dll+0x689d89]
V  [jvm.dll+0x84386a]
V  [jvm.dll+0x8454ee]
V  [jvm.dll+0x845b53]
V  [jvm.dll+0x24a56f]
V  [jvm.dll+0xac9e4]
V  [jvm.dll+0xad02c]
V  [jvm.dll+0x36a6f7]
V  [jvm.dll+0x1be582]
V  [jvm.dll+0x21c109]
V  [jvm.dll+0x21b3f1]
V  [jvm.dll+0x1a68ed]
V  [jvm.dll+0x22b2de]
V  [jvm.dll+0x229445]
V  [jvm.dll+0x7f7917]
V  [jvm.dll+0x7f1cec]
V  [jvm.dll+0x688be7]
C  [ucrtbase.dll+0x37b0]
C  [KERNEL32.DLL+0x2e8d7]
C  [ntdll.dll+0x3c34c]


---------------  P R O C E S S  ---------------

Threads class SMR info:
_java_thread_list=0x0000022294a6bb50, length=21, elements={
0x00000222f35bbc00, 0x00000222ffb9d040, 0x00000222ffb9d620, 0x00000222ffa4dff0,
0x00000222ffa4e8c0, 0x00000222ffbe4420, 0x00000222ffbe4cf0, 0x00000222ffbe58f0,
0x00000222ffbe6200, 0x00000222ffbe6b10, 0x00000222ffd90d50, 0x00000222ffdaa760,
0x0000022293263360, 0x000002229334e730, 0x00000222932bf040, 0x00000222932bfa50,
0x00000222933f1cd0, 0x000002229343f0e0, 0x000002229343c350, 0x000002229343be40,
0x000002229343b930
}

Java Threads: ( => current thread )
  0x00000222f35bbc00 JavaThread "main" [_thread_blocked, id=39468, stack(0x000000d956e00000,0x000000d956f00000)]
  0x00000222ffb9d040 JavaThread "Reference Handler" daemon [_thread_blocked, id=10020, stack(0x000000d957500000,0x000000d957600000)]
  0x00000222ffb9d620 JavaThread "Finalizer" daemon [_thread_blocked, id=42264, stack(0x000000d957600000,0x000000d957700000)]
  0x00000222ffa4dff0 JavaThread "Signal Dispatcher" daemon [_thread_blocked, id=30032, stack(0x000000d957700000,0x000000d957800000)]
  0x00000222ffa4e8c0 JavaThread "Attach Listener" daemon [_thread_blocked, id=4132, stack(0x000000d957800000,0x000000d957900000)]
  0x00000222ffbe4420 JavaThread "Service Thread" daemon [_thread_blocked, id=33948, stack(0x000000d957900000,0x000000d957a00000)]
  0x00000222ffbe4cf0 JavaThread "Monitor Deflation Thread" daemon [_thread_blocked, id=9460, stack(0x000000d957a00000,0x000000d957b00000)]
=>0x00000222ffbe58f0 JavaThread "C2 CompilerThread0" daemon [_thread_in_native, id=47440, stack(0x000000d957b00000,0x000000d957c00000)]
  0x00000222ffbe6200 JavaThread "C1 CompilerThread0" daemon [_thread_blocked, id=33040, stack(0x000000d957c00000,0x000000d957d00000)]
  0x00000222ffbe6b10 JavaThread "Sweeper thread" daemon [_thread_blocked, id=3668, stack(0x000000d957d00000,0x000000d957e00000)]
  0x00000222ffd90d50 JavaThread "Common-Cleaner" daemon [_thread_blocked, id=4760, stack(0x000000d958000000,0x000000d958100000)]
  0x00000222ffdaa760 JavaThread "Notification Thread" daemon [_thread_blocked, id=41664, stack(0x000000d958100000,0x000000d958200000)]
  0x0000022293263360 JavaThread "RMI TCP Accept-65236" daemon [_thread_in_native, id=47540, stack(0x000000d958300000,0x000000d958400000)]
  0x000002229334e730 JavaThread "RMI TCP Accept-0" daemon [_thread_in_native, id=41100, stack(0x000000d958400000,0x000000d958500000)]
  0x00000222932bf040 JavaThread "RMI Reaper" [_thread_blocked, id=12472, stack(0x000000d958500000,0x000000d958600000)]
  0x00000222932bfa50 JavaThread "RMI GC Daemon" daemon [_thread_blocked, id=31904, stack(0x000000d958600000,0x000000d958700000)]
  0x00000222933f1cd0 JavaThread "RMI TCP Connection(1)-127.0.0.1" daemon [_thread_in_native, id=49576, stack(0x000000d958800000,0x000000d958900000)]
  0x000002229343f0e0 JavaThread "RMI TCP Connection(3)-127.0.0.1" daemon [_thread_in_native, id=41088, stack(0x000000d958a00000,0x000000d958b00000)]
  0x000002229343c350 JavaThread "RMI Scheduler(0)" daemon [_thread_blocked, id=27980, stack(0x000000d958b00000,0x000000d958c00000)]
  0x000002229343be40 JavaThread "RMI RenewClean-[127.0.0.1:54953]" daemon [_thread_blocked, id=42052, stack(0x000000d958d00000,0x000000d958e00000)]
  0x000002229343b930 JavaThread "PostgreSQL-JDBC-Cleaner" daemon [_thread_blocked, id=49640, stack(0x000000d959200000,0x000000d959300000)]

Other Threads:
  0x00000222ffa07620 VMThread "VM Thread" [stack: 0x000000d957400000,0x000000d957500000] [id=48072]
  0x00000222ffd91230 WatcherThread [stack: 0x000000d958200000,0x000000d958300000] [id=46528]
  0x00000222f3617b00 GCTaskThread "GC Thread#0" [stack: 0x000000d956f00000,0x000000d957000000] [id=3160]
  0x00000222935576d0 GCTaskThread "GC Thread#1" [stack: 0x000000d959300000,0x000000d959400000] [id=5800]
  0x0000022293557990 GCTaskThread "GC Thread#2" [stack: 0x000000d959400000,0x000000d959500000] [id=50104]
  0x0000022293557c50 GCTaskThread "GC Thread#3" [stack: 0x000000d959500000,0x000000d959600000] [id=15740]
  0x0000022293fbf750 GCTaskThread "GC Thread#4" [stack: 0x000000d959600000,0x000000d959700000] [id=38516]
  0x00000222945482a0 GCTaskThread "GC Thread#5" [stack: 0x000000d959700000,0x000000d959800000] [id=49124]
  0x0000022294297840 GCTaskThread "GC Thread#6" [stack: 0x000000d959800000,0x000000d959900000] [id=6844]
  0x0000022294297b00 GCTaskThread "GC Thread#7" [stack: 0x000000d959900000,0x000000d959a00000] [id=35812]
  0x000002229406ee50 GCTaskThread "GC Thread#8" [stack: 0x000000d959a00000,0x000000d959b00000] [id=46404]
  0x0000022294070520 GCTaskThread "GC Thread#9" [stack: 0x000000d959b00000,0x000000d959c00000] [id=30628]
  0x000002229451c770 GCTaskThread "GC Thread#10" [stack: 0x000000d956b00000,0x000000d956c00000] [id=40564]
  0x00000222f3628960 ConcurrentGCThread "G1 Main Marker" [stack: 0x000000d957000000,0x000000d957100000] [id=42296]
  0x00000222f362af70 ConcurrentGCThread "G1 Conc#0" [stack: 0x000000d957100000,0x000000d957200000] [id=49492]
  0x00000222ff8b8e40 ConcurrentGCThread "G1 Refine#0" [stack: 0x000000d957200000,0x000000d957300000] [id=31900]
  0x00000222ff8baa30 ConcurrentGCThread "G1 Service" [stack: 0x000000d957300000,0x000000d957400000] [id=49100]

Threads with active compile tasks:
C2 CompilerThread0  6176083 2294  s    4       java.io.BufferedOutputStream::flush (12 bytes)

VM state: not at safepoint (normal execution)

VM Mutex/Monitor currently owned by a thread: None

Heap address: 0x0000000080000000, size: 2048 MB, Compressed Oops mode: 32-bit

CDS archive(s) not mapped
Compressed class space mapped at: 0x0000000100000000-0x0000000140000000, reserved size: 1073741824
Narrow klass base: 0x0000000000000000, Narrow klass shift: 3, Narrow klass range: 0x140000000

GC Precious Log:
 CPUs: 16 total, 16 available
 Memory: 16108M
 Large Page Support: Disabled
 NUMA Support: Disabled
 Compressed Oops: Enabled (32-bit)
 Heap Region Size: 1M
 Heap Min Capacity: 128M
 Heap Initial Capacity: 128M
 Heap Max Capacity: 2G
 Pre-touch: Disabled
 Parallel Workers: 13
 Concurrent Workers: 3
 Concurrent Refinement Workers: 13
 Periodic GC: Disabled

Heap:
 garbage-first heap   total 131072K, used 12639K [0x0000000080000000, 0x0000000100000000)
  region size 1024K, 5 young (5120K), 0 survivors (0K)
 Metaspace       used 19735K, committed 20096K, reserved 1114112K
  class space    used 1985K, committed 2176K, reserved 1048576K

Heap Regions: E=young(eden), S=young(survivor), O=old, HS=humongous(starts), HC=humongous(continues), CS=collection set, F=free, OA=open archive, CA=closed archive, TAMS=top-at-mark-start (previous, next)
|   0|0x0000000080000000, 0x0000000080100000, 0x0000000080100000|100%|HS|  |TAMS 0x0000000080100000, 0x0000000080000000| Untracked 
|   1|0x0000000080100000, 0x0000000080200000, 0x0000000080200000|100%|HC|  |TAMS 0x0000000080200000, 0x0000000080100000| Untracked 
|   2|0x0000000080200000, 0x0000000080300000, 0x0000000080300000|100%|HC|  |TAMS 0x0000000080300000, 0x0000000080200000| Untracked 
|   3|0x0000000080300000, 0x0000000080400000, 0x0000000080400000|100%| O|  |TAMS 0x0000000080400000, 0x0000000080300000| Untracked 
|   4|0x0000000080400000, 0x0000000080500000, 0x0000000080500000|100%| O|  |TAMS 0x0000000080500000, 0x0000000080400000| Untracked 
|   5|0x0000000080500000, 0x00000000805ffff8, 0x0000000080600000| 99%| O|  |TAMS 0x0000000080500000, 0x0000000080500000| Untracked 
|   6|0x0000000080600000, 0x0000000080616e90, 0x0000000080700000|  8%| O|  |TAMS 0x0000000080600000, 0x0000000080600000| Untracked 
|   7|0x0000000080700000, 0x0000000080701a20, 0x0000000080800000|  0%| O|  |TAMS 0x0000000080700000, 0x0000000080700000| Untracked 
|   8|0x0000000080800000, 0x0000000080800000, 0x0000000080900000|  0%| F|  |TAMS 0x0000000080800000, 0x0000000080800000| Untracked 
|   9|0x0000000080900000, 0x0000000080900000, 0x0000000080a00000|  0%| F|  |TAMS 0x0000000080900000, 0x0000000080900000| Untracked 
|  10|0x0000000080a00000, 0x0000000080a00000, 0x0000000080b00000|  0%| F|  |TAMS 0x0000000080a00000, 0x0000000080a00000| Untracked 
|  11|0x0000000080b00000, 0x0000000080b00000, 0x0000000080c00000|  0%| F|  |TAMS 0x0000000080b00000, 0x0000000080b00000| Untracked 
|  12|0x0000000080c00000, 0x0000000080c00000, 0x0000000080d00000|  0%| F|  |TAMS 0x0000000080c00000, 0x0000000080c00000| Untracked 
|  13|0x0000000080d00000, 0x0000000080d00000, 0x0000000080e00000|  0%| F|  |TAMS 0x0000000080d00000, 0x0000000080d00000| Untracked 
|  14|0x0000000080e00000, 0x0000000080e00000, 0x0000000080f00000|  0%| F|  |TAMS 0x0000000080e00000, 0x0000000080e00000| Untracked 
|  15|0x0000000080f00000, 0x0000000080f00000, 0x0000000081000000|  0%| F|  |TAMS 0x0000000080f00000, 0x0000000080f00000| Untracked 
|  16|0x0000000081000000, 0x0000000081000000, 0x0000000081100000|  0%| F|  |TAMS 0x0000000081000000, 0x0000000081000000| Untracked 
|  17|0x0000000081100000, 0x0000000081100000, 0x0000000081200000|  0%| F|  |TAMS 0x0000000081100000, 0x0000000081100000| Untracked 
|  18|0x0000000081200000, 0x0000000081200000, 0x0000000081300000|  0%| F|  |TAMS 0x0000000081200000, 0x0000000081200000| Untracked 
|  19|0x0000000081300000, 0x0000000081300000, 0x0000000081400000|  0%| F|  |TAMS 0x0000000081300000, 0x0000000081300000| Untracked 
|  20|0x0000000081400000, 0x0000000081400000, 0x0000000081500000|  0%| F|  |TAMS 0x0000000081400000, 0x0000000081400000| Untracked 
|  21|0x0000000081500000, 0x0000000081500000, 0x0000000081600000|  0%| F|  |TAMS 0x0000000081500000, 0x0000000081500000| Untracked 
|  22|0x0000000081600000, 0x0000000081600000, 0x0000000081700000|  0%| F|  |TAMS 0x0000000081600000, 0x0000000081600000| Untracked 
|  23|0x0000000081700000, 0x0000000081700000, 0x0000000081800000|  0%| F|  |TAMS 0x0000000081700000, 0x0000000081700000| Untracked 
|  24|0x0000000081800000, 0x0000000081800000, 0x0000000081900000|  0%| F|  |TAMS 0x0000000081800000, 0x0000000081800000| Untracked 
|  25|0x0000000081900000, 0x0000000081900000, 0x0000000081a00000|  0%| F|  |TAMS 0x0000000081900000, 0x0000000081900000| Untracked 
|  26|0x0000000081a00000, 0x0000000081a00000, 0x0000000081b00000|  0%| F|  |TAMS 0x0000000081a00000, 0x0000000081a00000| Untracked 
|  27|0x0000000081b00000, 0x0000000081b00000, 0x0000000081c00000|  0%| F|  |TAMS 0x0000000081b00000, 0x0000000081b00000| Untracked 
|  28|0x0000000081c00000, 0x0000000081c00000, 0x0000000081d00000|  0%| F|  |TAMS 0x0000000081c00000, 0x0000000081c00000| Untracked 
|  29|0x0000000081d00000, 0x0000000081d00000, 0x0000000081e00000|  0%| F|  |TAMS 0x0000000081d00000, 0x0000000081d00000| Untracked 
|  30|0x0000000081e00000, 0x0000000081e00000, 0x0000000081f00000|  0%| F|  |TAMS 0x0000000081e00000, 0x0000000081e00000| Untracked 
|  31|0x0000000081f00000, 0x0000000081f00000, 0x0000000082000000|  0%| F|  |TAMS 0x0000000081f00000, 0x0000000081f00000| Untracked 
|  32|0x0000000082000000, 0x0000000082000000, 0x0000000082100000|  0%| F|  |TAMS 0x0000000082000000, 0x0000000082000000| Untracked 
|  33|0x0000000082100000, 0x0000000082100000, 0x0000000082200000|  0%| F|  |TAMS 0x0000000082100000, 0x0000000082100000| Untracked 
|  34|0x0000000082200000, 0x0000000082200000, 0x0000000082300000|  0%| F|  |TAMS 0x0000000082200000, 0x0000000082200000| Untracked 
|  35|0x0000000082300000, 0x0000000082300000, 0x0000000082400000|  0%| F|  |TAMS 0x0000000082300000, 0x0000000082300000| Untracked 
|  36|0x0000000082400000, 0x0000000082400000, 0x0000000082500000|  0%| F|  |TAMS 0x0000000082400000, 0x0000000082400000| Untracked 
|  37|0x0000000082500000, 0x0000000082500000, 0x0000000082600000|  0%| F|  |TAMS 0x0000000082500000, 0x0000000082500000| Untracked 
|  38|0x0000000082600000, 0x0000000082600000, 0x0000000082700000|  0%| F|  |TAMS 0x0000000082600000, 0x0000000082600000| Untracked 
|  39|0x0000000082700000, 0x0000000082700000, 0x0000000082800000|  0%| F|  |TAMS 0x0000000082700000, 0x0000000082700000| Untracked 
|  40|0x0000000082800000, 0x0000000082800000, 0x0000000082900000|  0%| F|  |TAMS 0x0000000082800000, 0x0000000082800000| Untracked 
|  41|0x0000000082900000, 0x0000000082900000, 0x0000000082a00000|  0%| F|  |TAMS 0x0000000082900000, 0x0000000082900000| Untracked 
|  42|0x0000000082a00000, 0x0000000082a00000, 0x0000000082b00000|  0%| F|  |TAMS 0x0000000082a00000, 0x0000000082a00000| Untracked 
|  43|0x0000000082b00000, 0x0000000082b00000, 0x0000000082c00000|  0%| F|  |TAMS 0x0000000082b00000, 0x0000000082b00000| Untracked 
|  44|0x0000000082c00000, 0x0000000082c00000, 0x0000000082d00000|  0%| F|  |TAMS 0x0000000082c00000, 0x0000000082c00000| Untracked 
|  45|0x0000000082d00000, 0x0000000082d00000, 0x0000000082e00000|  0%| F|  |TAMS 0x0000000082d00000, 0x0000000082d00000| Untracked 
|  46|0x0000000082e00000, 0x0000000082e00000, 0x0000000082f00000|  0%| F|  |TAMS 0x0000000082e00000, 0x0000000082e00000| Untracked 
|  47|0x0000000082f00000, 0x0000000082f00000, 0x0000000083000000|  0%| F|  |TAMS 0x0000000082f00000, 0x0000000082f00000| Untracked 
|  48|0x0000000083000000, 0x0000000083000000, 0x0000000083100000|  0%| F|  |TAMS 0x0000000083000000, 0x0000000083000000| Untracked 
|  49|0x0000000083100000, 0x0000000083100000, 0x0000000083200000|  0%| F|  |TAMS 0x0000000083100000, 0x0000000083100000| Untracked 
|  50|0x0000000083200000, 0x0000000083200000, 0x0000000083300000|  0%| F|  |TAMS 0x0000000083200000, 0x0000000083200000| Untracked 
|  51|0x0000000083300000, 0x0000000083300000, 0x0000000083400000|  0%| F|  |TAMS 0x0000000083300000, 0x0000000083300000| Untracked 
|  52|0x0000000083400000, 0x0000000083400000, 0x0000000083500000|  0%| F|  |TAMS 0x0000000083400000, 0x0000000083400000| Untracked 
|  53|0x0000000083500000, 0x0000000083500000, 0x0000000083600000|  0%| F|  |TAMS 0x0000000083500000, 0x0000000083500000| Untracked 
|  54|0x0000000083600000, 0x0000000083600000, 0x0000000083700000|  0%| F|  |TAMS 0x0000000083600000, 0x0000000083600000| Untracked 
|  55|0x0000000083700000, 0x0000000083700000, 0x0000000083800000|  0%| F|  |TAMS 0x0000000083700000, 0x0000000083700000| Untracked 
|  56|0x0000000083800000, 0x0000000083800000, 0x0000000083900000|  0%| F|  |TAMS 0x0000000083800000, 0x0000000083800000| Untracked 
|  57|0x0000000083900000, 0x0000000083900000, 0x0000000083a00000|  0%| F|  |TAMS 0x0000000083900000, 0x0000000083900000| Untracked 
|  58|0x0000000083a00000, 0x0000000083a00000, 0x0000000083b00000|  0%| F|  |TAMS 0x0000000083a00000, 0x0000000083a00000| Untracked 
|  59|0x0000000083b00000, 0x0000000083b00000, 0x0000000083c00000|  0%| F|  |TAMS 0x0000000083b00000, 0x0000000083b00000| Untracked 
|  60|0x0000000083c00000, 0x0000000083c00000, 0x0000000083d00000|  0%| F|  |TAMS 0x0000000083c00000, 0x0000000083c00000| Untracked 
|  61|0x0000000083d00000, 0x0000000083d00000, 0x0000000083e00000|  0%| F|  |TAMS 0x0000000083d00000, 0x0000000083d00000| Untracked 
|  62|0x0000000083e00000, 0x0000000083e00000, 0x0000000083f00000|  0%| F|  |TAMS 0x0000000083e00000, 0x0000000083e00000| Untracked 
|  63|0x0000000083f00000, 0x0000000083f00000, 0x0000000084000000|  0%| F|  |TAMS 0x0000000083f00000, 0x0000000083f00000| Untracked 
|  64|0x0000000084000000, 0x0000000084000000, 0x0000000084100000|  0%| F|  |TAMS 0x0000000084000000, 0x0000000084000000| Untracked 
|  65|0x0000000084100000, 0x0000000084100000, 0x0000000084200000|  0%| F|  |TAMS 0x0000000084100000, 0x0000000084100000| Untracked 
|  66|0x0000000084200000, 0x0000000084200000, 0x0000000084300000|  0%| F|  |TAMS 0x0000000084200000, 0x0000000084200000| Untracked 
|  67|0x0000000084300000, 0x0000000084300000, 0x0000000084400000|  0%| F|  |TAMS 0x0000000084300000, 0x0000000084300000| Untracked 
|  68|0x0000000084400000, 0x0000000084400000, 0x0000000084500000|  0%| F|  |TAMS 0x0000000084400000, 0x0000000084400000| Untracked 
|  69|0x0000000084500000, 0x0000000084500000, 0x0000000084600000|  0%| F|  |TAMS 0x0000000084500000, 0x0000000084500000| Untracked 
|  70|0x0000000084600000, 0x0000000084600000, 0x0000000084700000|  0%| F|  |TAMS 0x0000000084600000, 0x0000000084600000| Untracked 
|  71|0x0000000084700000, 0x0000000084700000, 0x0000000084800000|  0%| F|  |TAMS 0x0000000084700000, 0x0000000084700000| Untracked 
|  72|0x0000000084800000, 0x000000008483f520, 0x0000000084900000| 24%| O|  |TAMS 0x0000000084800000, 0x0000000084800000| Untracked 
|  73|0x0000000084900000, 0x0000000084900000, 0x0000000084a00000|  0%| F|  |TAMS 0x0000000084900000, 0x0000000084900000| Untracked 
|  74|0x0000000084a00000, 0x0000000084a00000, 0x0000000084b00000|  0%| F|  |TAMS 0x0000000084a00000, 0x0000000084a00000| Untracked 
|  75|0x0000000084b00000, 0x0000000084b00000, 0x0000000084c00000|  0%| F|  |TAMS 0x0000000084b00000, 0x0000000084b00000| Untracked 
|  76|0x0000000084c00000, 0x0000000084c00000, 0x0000000084d00000|  0%| F|  |TAMS 0x0000000084c00000, 0x0000000084c00000| Untracked 
|  77|0x0000000084d00000, 0x0000000084d00000, 0x0000000084e00000|  0%| F|  |TAMS 0x0000000084d00000, 0x0000000084d00000| Untracked 
|  78|0x0000000084e00000, 0x0000000084e00000, 0x0000000084f00000|  0%| F|  |TAMS 0x0000000084e00000, 0x0000000084e00000| Untracked 
|  79|0x0000000084f00000, 0x0000000084f00000, 0x0000000085000000|  0%| F|  |TAMS 0x0000000084f00000, 0x0000000084f00000| Untracked 
|  80|0x0000000085000000, 0x0000000085000000, 0x0000000085100000|  0%| F|  |TAMS 0x0000000085000000, 0x0000000085000000| Untracked 
|  81|0x0000000085100000, 0x0000000085100000, 0x0000000085200000|  0%| F|  |TAMS 0x0000000085100000, 0x0000000085100000| Untracked 
|  82|0x0000000085200000, 0x0000000085200000, 0x0000000085300000|  0%| F|  |TAMS 0x0000000085200000, 0x0000000085200000| Untracked 
|  83|0x0000000085300000, 0x0000000085300000, 0x0000000085400000|  0%| F|  |TAMS 0x0000000085300000, 0x0000000085300000| Untracked 
|  84|0x0000000085400000, 0x0000000085400000, 0x0000000085500000|  0%| F|  |TAMS 0x0000000085400000, 0x0000000085400000| Untracked 
|  85|0x0000000085500000, 0x0000000085500000, 0x0000000085600000|  0%| F|  |TAMS 0x0000000085500000, 0x0000000085500000| Untracked 
|  86|0x0000000085600000, 0x0000000085600000, 0x0000000085700000|  0%| F|  |TAMS 0x0000000085600000, 0x0000000085600000| Untracked 
|  87|0x0000000085700000, 0x0000000085700000, 0x0000000085800000|  0%| F|  |TAMS 0x0000000085700000, 0x0000000085700000| Untracked 
|  88|0x0000000085800000, 0x0000000085800000, 0x0000000085900000|  0%| F|  |TAMS 0x0000000085800000, 0x0000000085800000| Untracked 
|  89|0x0000000085900000, 0x0000000085900000, 0x0000000085a00000|  0%| F|  |TAMS 0x0000000085900000, 0x0000000085900000| Untracked 
|  90|0x0000000085a00000, 0x0000000085a00000, 0x0000000085b00000|  0%| F|  |TAMS 0x0000000085a00000, 0x0000000085a00000| Untracked 
|  91|0x0000000085b00000, 0x0000000085b00000, 0x0000000085c00000|  0%| F|  |TAMS 0x0000000085b00000, 0x0000000085b00000| Untracked 
|  92|0x0000000085c00000, 0x0000000085c00000, 0x0000000085d00000|  0%| F|  |TAMS 0x0000000085c00000, 0x0000000085c00000| Untracked 
|  93|0x0000000085d00000, 0x0000000085d00000, 0x0000000085e00000|  0%| F|  |TAMS 0x0000000085d00000, 0x0000000085d00000| Untracked 
|  94|0x0000000085e00000, 0x0000000085e00000, 0x0000000085f00000|  0%| F|  |TAMS 0x0000000085e00000, 0x0000000085e00000| Untracked 
|  95|0x0000000085f00000, 0x0000000085f00000, 0x0000000086000000|  0%| F|  |TAMS 0x0000000085f00000, 0x0000000085f00000| Untracked 
|  96|0x0000000086000000, 0x0000000086000000, 0x0000000086100000|  0%| F|  |TAMS 0x0000000086000000, 0x0000000086000000| Untracked 
|  97|0x0000000086100000, 0x0000000086100000, 0x0000000086200000|  0%| F|  |TAMS 0x0000000086100000, 0x0000000086100000| Untracked 
|  98|0x0000000086200000, 0x0000000086200000, 0x0000000086300000|  0%| F|  |TAMS 0x0000000086200000, 0x0000000086200000| Untracked 
|  99|0x0000000086300000, 0x0000000086300000, 0x0000000086400000|  0%| F|  |TAMS 0x0000000086300000, 0x0000000086300000| Untracked 
| 100|0x0000000086400000, 0x0000000086400000, 0x0000000086500000|  0%| F|  |TAMS 0x0000000086400000, 0x0000000086400000| Untracked 
| 101|0x0000000086500000, 0x0000000086500000, 0x0000000086600000|  0%| F|  |TAMS 0x0000000086500000, 0x0000000086500000| Untracked 
| 102|0x0000000086600000, 0x0000000086700000, 0x0000000086700000|100%| O|  |TAMS 0x0000000086700000, 0x0000000086600000| Untracked 
| 103|0x0000000086700000, 0x0000000086800000, 0x0000000086800000|100%| O|  |TAMS 0x0000000086800000, 0x0000000086700000| Untracked 
| 104|0x0000000086800000, 0x0000000086800000, 0x0000000086900000|  0%| F|  |TAMS 0x0000000086800000, 0x0000000086800000| Untracked 
| 105|0x0000000086900000, 0x0000000086900000, 0x0000000086a00000|  0%| F|  |TAMS 0x0000000086900000, 0x0000000086900000| Untracked 
| 106|0x0000000086a00000, 0x0000000086a00000, 0x0000000086b00000|  0%| F|  |TAMS 0x0000000086a00000, 0x0000000086a00000| Untracked 
| 107|0x0000000086b00000, 0x0000000086b00000, 0x0000000086c00000|  0%| F|  |TAMS 0x0000000086b00000, 0x0000000086b00000| Untracked 
| 108|0x0000000086c00000, 0x0000000086c00000, 0x0000000086d00000|  0%| F|  |TAMS 0x0000000086c00000, 0x0000000086c00000| Untracked 
| 109|0x0000000086d00000, 0x0000000086d00000, 0x0000000086e00000|  0%| F|  |TAMS 0x0000000086d00000, 0x0000000086d00000| Untracked 
| 110|0x0000000086e00000, 0x0000000086e00000, 0x0000000086f00000|  0%| F|  |TAMS 0x0000000086e00000, 0x0000000086e00000| Untracked 
| 111|0x0000000086f00000, 0x0000000086f00000, 0x0000000087000000|  0%| F|  |TAMS 0x0000000086f00000, 0x0000000086f00000| Untracked 
| 112|0x0000000087000000, 0x0000000087000000, 0x0000000087100000|  0%| F|  |TAMS 0x0000000087000000, 0x0000000087000000| Untracked 
| 113|0x0000000087100000, 0x0000000087100000, 0x0000000087200000|  0%| F|  |TAMS 0x0000000087100000, 0x0000000087100000| Untracked 
| 114|0x0000000087200000, 0x0000000087200000, 0x0000000087300000|  0%| F|  |TAMS 0x0000000087200000, 0x0000000087200000| Untracked 
| 115|0x0000000087300000, 0x0000000087300000, 0x0000000087400000|  0%| F|  |TAMS 0x0000000087300000, 0x0000000087300000| Untracked 
| 116|0x0000000087400000, 0x0000000087400000, 0x0000000087500000|  0%| F|  |TAMS 0x0000000087400000, 0x0000000087400000| Untracked 
| 117|0x0000000087500000, 0x0000000087500000, 0x0000000087600000|  0%| F|  |TAMS 0x0000000087500000, 0x0000000087500000| Untracked 
| 118|0x0000000087600000, 0x0000000087600000, 0x0000000087700000|  0%| F|  |TAMS 0x0000000087600000, 0x0000000087600000| Untracked 
| 119|0x0000000087700000, 0x0000000087700000, 0x0000000087800000|  0%| F|  |TAMS 0x0000000087700000, 0x0000000087700000| Untracked 
| 120|0x0000000087800000, 0x0000000087800000, 0x0000000087900000|  0%| F|  |TAMS 0x0000000087800000, 0x0000000087800000| Untracked 
| 121|0x0000000087900000, 0x0000000087900000, 0x0000000087a00000|  0%| F|  |TAMS 0x0000000087900000, 0x0000000087900000| Untracked 
| 122|0x0000000087a00000, 0x0000000087a00000, 0x0000000087b00000|  0%| F|  |TAMS 0x0000000087a00000, 0x0000000087a00000| Untracked 
| 123|0x0000000087b00000, 0x0000000087b7de38, 0x0000000087c00000| 49%| E|  |TAMS 0x0000000087b00000, 0x0000000087b00000| Complete 
| 124|0x0000000087c00000, 0x0000000087d00000, 0x0000000087d00000|100%| E|CS|TAMS 0x0000000087c00000, 0x0000000087c00000| Complete 
| 125|0x0000000087d00000, 0x0000000087e00000, 0x0000000087e00000|100%| E|CS|TAMS 0x0000000087d00000, 0x0000000087d00000| Complete 
| 126|0x0000000087e00000, 0x0000000087f00000, 0x0000000087f00000|100%| E|CS|TAMS 0x0000000087e00000, 0x0000000087e00000| Complete 
| 127|0x0000000087f00000, 0x0000000088000000, 0x0000000088000000|100%| E|CS|TAMS 0x0000000087f00000, 0x0000000087f00000| Complete 

Card table byte_map: [0x00000222f81a0000,0x00000222f85a0000] _byte_map_base: 0x00000222f7da0000

Marking Bits (Prev, Next): (CMBitMap*) 0x00000222f3618070, (CMBitMap*) 0x00000222f3618030
 Prev Bits: [0x00000222fa9a0000, 0x00000222fc9a0000)
 Next Bits: [0x00000222f89a0000, 0x00000222fa9a0000)

Polling page: 0x00000222f1d80000

Metaspace:

Usage:
  Non-class:     17.33 MB used.
      Class:      1.94 MB used.
       Both:     19.27 MB used.

Virtual space:
  Non-class space:       64.00 MB reserved,      17.50 MB ( 27%) committed,  1 nodes.
      Class space:        1.00 GB reserved,       2.12 MB ( <1%) committed,  1 nodes.
             Both:        1.06 GB reserved,      19.62 MB (  2%) committed. 

Chunk freelists:
   Non-Class:  14.35 MB
       Class:  13.94 MB
        Both:  28.29 MB

MaxMetaspaceSize: unlimited
CompressedClassSpaceSize: 1.00 GB
Initial GC threshold: 21.00 MB
Current GC threshold: 32.75 MB
CDS: off
MetaspaceReclaimPolicy: balanced
 - commit_granule_bytes: 65536.
 - commit_granule_words: 8192.
 - virtual_space_node_default_size: 8388608.
 - enlarge_chunks_in_place: 1.
 - new_chunks_are_fully_committed: 0.
 - uncommit_free_chunks: 1.
 - use_allocation_guard: 0.
 - handle_deallocations: 1.


Internal statistics:

num_allocs_failed_limit: 0.
num_arena_births: 320.
num_arena_deaths: 22.
num_vsnodes_births: 2.
num_vsnodes_deaths: 0.
num_space_committed: 314.
num_space_uncommitted: 0.
num_chunks_returned_to_freelist: 28.
num_chunks_taken_from_freelist: 649.
num_chunk_merges: 0.
num_chunk_splits: 380.
num_chunks_enlarged: 176.
num_inconsistent_stats: 0.

CodeHeap 'non-profiled nmethods': size=119168Kb used=920Kb max_used=920Kb free=118247Kb
 bounds [0x0000022287ba0000, 0x0000022287e10000, 0x000002228f000000]
CodeHeap 'profiled nmethods': size=119104Kb used=4739Kb max_used=4739Kb free=114364Kb
 bounds [0x0000022280000000, 0x00000222804b0000, 0x0000022287450000]
CodeHeap 'non-nmethods': size=7488Kb used=1204Kb max_used=2927Kb free=6283Kb
 bounds [0x0000022287450000, 0x0000022287740000, 0x0000022287ba0000]
 total_blobs=2802 nmethods=2293 adapters=422
 compilation: enabled
              stopped_count=0, restarted_count=0
 full_count=0

Compilation events (20 events):
Event: 5545.898 Thread 0x00000222ffbe6200 nmethod 2284 0x000002228049c310 code [0x000002228049c540, 0x000002228049cd78]
Event: 5768.567 Thread 0x00000222ffbe58f0 2285       4       java.io.ObjectStreamField::getSignature (39 bytes)
Event: 5768.585 Thread 0x00000222ffbe58f0 nmethod 2285 0x0000022287c70610 code [0x0000022287c70780, 0x0000022287c70818]
Event: 5903.695 Thread 0x00000222ffbe58f0 2286       4       java.io.ObjectOutputStream$BlockDataOutputStream::writeLong (48 bytes)
Event: 5903.698 Thread 0x00000222ffbe58f0 nmethod 2286 0x0000022287c70910 code [0x0000022287c70a80, 0x0000022287c70c18]
Event: 5921.717 Thread 0x00000222ffbe58f0 2287       4       java.io.ObjectInputStream$BlockDataInputStream::readLong (76 bytes)
Event: 5921.773 Thread 0x00000222ffbe58f0 nmethod 2287 0x0000022287c70d90 code [0x0000022287c71060, 0x0000022287c729d0]
Event: 5957.753 Thread 0x00000222ffbe58f0 2288       4       java.io.ObjectInputStream$BlockDataInputStream::readShort (73 bytes)
Event: 5957.762 Thread 0x00000222ffbe58f0 nmethod 2288 0x0000022287c73f90 code [0x0000022287c74140, 0x0000022287c74558]
Event: 5966.761 Thread 0x00000222ffbe58f0 2289   !   4       java.io.ObjectOutputStream::writeObject0 (620 bytes)
Event: 5967.051 Thread 0x00000222ffbe58f0 nmethod 2289 0x0000022287c74990 code [0x0000022287c75180, 0x0000022287c7e8a8]
Event: 6000.606 Thread 0x00000222ffbe6200 2290       3       java.net.URI$Parser::at (23 bytes)
Event: 6000.607 Thread 0x00000222ffbe6200 nmethod 2290 0x000002228049d010 code [0x000002228049d200, 0x000002228049d838]
Event: 6000.610 Thread 0x00000222ffbe58f0 2291       4       java.io.ObjectInputStream$PeekInputStream::peek (49 bytes)
Event: 6000.613 Thread 0x00000222ffbe58f0 nmethod 2291 0x0000022287c85790 code [0x0000022287c85920, 0x0000022287c85d88]
Event: 6068.567 Thread 0x00000222ffbe6200 2292       3       java.io.ObjectStreamClass::initNonProxy (628 bytes)
Event: 6068.575 Thread 0x00000222ffbe6200 nmethod 2292 0x000002228049db10 code [0x000002228049dfc0, 0x00000222804a0358]
Event: 6137.934 Thread 0x00000222ffbe58f0 2293       4       sun.rmi.runtime.Log$LoggerLog::log (45 bytes)
Event: 6137.942 Thread 0x00000222ffbe58f0 nmethod 2293 0x0000022287c85f10 code [0x0000022287c86080, 0x0000022287c86158]
Event: 6173.972 Thread 0x00000222ffbe58f0 2294  s    4       java.io.BufferedOutputStream::flush (12 bytes)

GC Heap History (4 events):
Event: 0.919 GC heap before
{Heap before GC invocations=0 (full 0):
 garbage-first heap   total 131072K, used 25600K [0x0000000080000000, 0x0000000100000000)
  region size 1024K, 23 young (23552K), 0 survivors (0K)
 Metaspace       used 18403K, committed 18752K, reserved 1114112K
  class space    used 1924K, committed 2112K, reserved 1048576K
}
Event: 0.924 GC heap after
{Heap after GC invocations=1 (full 0):
 garbage-first heap   total 131072K, used 8218K [0x0000000080000000, 0x0000000100000000)
  region size 1024K, 3 young (3072K), 3 survivors (3072K)
 Metaspace       used 18403K, committed 18752K, reserved 1114112K
  class space    used 1924K, committed 2112K, reserved 1048576K
}
Event: 3600.029 GC heap before
{Heap before GC invocations=1 (full 0):
 garbage-first heap   total 131072K, used 21530K [0x0000000080000000, 0x0000000100000000)
  region size 1024K, 17 young (17408K), 3 survivors (3072K)
 Metaspace       used 19765K, committed 20096K, reserved 1114112K
  class space    used 1991K, committed 2176K, reserved 1048576K
}
Event: 3600.149 GC heap after
{Heap after GC invocations=2 (full 1):
 garbage-first heap   total 131072K, used 8543K [0x0000000080000000, 0x0000000100000000)
  region size 1024K, 0 young (0K), 0 survivors (0K)
 Metaspace       used 19735K, committed 20096K, reserved 1114112K
  class space    used 1985K, committed 2176K, reserved 1048576K
}

Dll operation events (1 events):
Event: 0.017 Loaded shared library D:\IntelliJ IDEA 2024.1.4\jbr\bin\java.dll

Deoptimization events (20 events):
Event: 1.276 Thread 0x000002229343f0e0 DEOPT PACKING pc=0x00000222803ce996 sp=0x000000d958afd660
Event: 1.276 Thread 0x000002229343f0e0 DEOPT UNPACKING pc=0x00000222874a7143 sp=0x000000d958afcb38 mode 0
Event: 1.277 Thread 0x000002229343f0e0 DEOPT PACKING pc=0x00000222803ce996 sp=0x000000d958afd660
Event: 1.277 Thread 0x000002229343f0e0 DEOPT UNPACKING pc=0x00000222874a7143 sp=0x000000d958afcb38 mode 0
Event: 1.277 Thread 0x000002229343f0e0 Uncommon trap: trap_request=0xffffff45 fr.pc=0x0000022287c497a4 relative=0x0000000000000944
Event: 1.277 Thread 0x000002229343f0e0 Uncommon trap: reason=unstable_if action=reinterpret pc=0x0000022287c497a4 method=java.io.ObjectOutputStream$BlockDataOutputStream.writeUTFBody(Ljava/lang/String;)V @ 263 c2
Event: 1.277 Thread 0x000002229343f0e0 DEOPT PACKING pc=0x0000022287c497a4 sp=0x000000d958afd7e0
Event: 1.277 Thread 0x000002229343f0e0 DEOPT UNPACKING pc=0x00000222874a69a3 sp=0x000000d958afd788 mode 2
Event: 1.277 Thread 0x000002229343f0e0 DEOPT PACKING pc=0x00000222803ce996 sp=0x000000d958afd660
Event: 1.277 Thread 0x000002229343f0e0 DEOPT UNPACKING pc=0x00000222874a7143 sp=0x000000d958afcb38 mode 0
Event: 1.278 Thread 0x000002229343f0e0 DEOPT PACKING pc=0x000002228031032e sp=0x000000d958afd7c0
Event: 1.278 Thread 0x000002229343f0e0 DEOPT UNPACKING pc=0x00000222874a7143 sp=0x000000d958afcc80 mode 0
Event: 1.279 Thread 0x000002229343f0e0 DEOPT PACKING pc=0x000002228031032e sp=0x000000d958afd7c0
Event: 1.279 Thread 0x000002229343f0e0 DEOPT UNPACKING pc=0x00000222874a7143 sp=0x000000d958afcc80 mode 0
Event: 1.279 Thread 0x000002229343f0e0 DEOPT PACKING pc=0x00000222803ce996 sp=0x000000d958afd690
Event: 1.279 Thread 0x000002229343f0e0 DEOPT UNPACKING pc=0x00000222874a7143 sp=0x000000d958afcb68 mode 0
Event: 1.279 Thread 0x000002229343f0e0 DEOPT PACKING pc=0x000002228031032e sp=0x000000d958afd7c0
Event: 1.279 Thread 0x000002229343f0e0 DEOPT UNPACKING pc=0x00000222874a7143 sp=0x000000d958afcc80 mode 0
Event: 324.839 Thread 0x00000222933f1cd0 DEOPT PACKING pc=0x000002228030f810 sp=0x000000d9588fe4d0
Event: 324.839 Thread 0x00000222933f1cd0 DEOPT UNPACKING pc=0x00000222874a7143 sp=0x000000d9588fd998 mode 0

Classes loaded (20 events):
Event: 0.987 Loading class java/util/AbstractList$ListItr
Event: 0.987 Loading class java/util/AbstractList$ListItr done
Event: 0.994 Loading class java/util/function/UnaryOperator
Event: 0.994 Loading class java/util/function/UnaryOperator done
Event: 1.248 Loading class java/util/DualPivotQuicksort
Event: 1.248 Loading class java/util/DualPivotQuicksort done
Event: 1.249 Loading class sun/util/spi/CalendarProvider
Event: 1.249 Loading class sun/util/spi/CalendarProvider done
Event: 1.249 Loading class sun/util/locale/provider/CalendarProviderImpl
Event: 1.249 Loading class sun/util/locale/provider/CalendarProviderImpl done
Event: 1.249 Loading class java/util/Calendar$Builder
Event: 1.249 Loading class java/util/Calendar$Builder done
Event: 15.512 Loading class java/util/ArrayList$ListItr
Event: 15.513 Loading class java/util/ArrayList$ListItr done
Event: 90.490 Loading class java/util/IdentityHashMap$KeyIterator
Event: 90.490 Loading class java/util/IdentityHashMap$IdentityHashMapIterator
Event: 90.496 Loading class java/util/IdentityHashMap$IdentityHashMapIterator done
Event: 90.496 Loading class java/util/IdentityHashMap$KeyIterator done
Event: 649.178 Loading class jdk/internal/misc/ScopedMemoryAccess$Scope
Event: 649.179 Loading class jdk/internal/misc/ScopedMemoryAccess$Scope done

Classes unloaded (11 events):
Event: 3600.061 Thread 0x00000222ffa07620 Unloading class 0x0000000100154400 'jdk/internal/reflect/GeneratedSerializationConstructorAccessor14'
Event: 3600.061 Thread 0x00000222ffa07620 Unloading class 0x0000000100153c00 'jdk/internal/reflect/GeneratedSerializationConstructorAccessor13'
Event: 3600.061 Thread 0x00000222ffa07620 Unloading class 0x0000000100153400 'jdk/internal/reflect/GeneratedSerializationConstructorAccessor11'
Event: 3600.061 Thread 0x00000222ffa07620 Unloading class 0x0000000100152800 'jdk/internal/reflect/GeneratedSerializationConstructorAccessor8'
Event: 3600.061 Thread 0x00000222ffa07620 Unloading class 0x0000000100152000 'jdk/internal/reflect/GeneratedSerializationConstructorAccessor6'
Event: 3600.061 Thread 0x00000222ffa07620 Unloading class 0x0000000100150c00 'jdk/internal/reflect/GeneratedSerializationConstructorAccessor1'
Event: 3600.061 Thread 0x00000222ffa07620 Unloading class 0x000000010014fc00 'java/lang/invoke/LambdaForm$MH+0x000000010014fc00'
Event: 3600.061 Thread 0x00000222ffa07620 Unloading class 0x000000010014f400 'java/lang/invoke/LambdaForm$MH+0x000000010014f400'
Event: 3600.061 Thread 0x00000222ffa07620 Unloading class 0x000000010014e800 'java/lang/invoke/LambdaForm$MH+0x000000010014e800'
Event: 3600.061 Thread 0x00000222ffa07620 Unloading class 0x000000010014e000 'java/lang/invoke/LambdaForm$MH+0x000000010014e000'
Event: 3600.061 Thread 0x00000222ffa07620 Unloading class 0x000000010014d800 'java/lang/invoke/LambdaForm$MH+0x000000010014d800'

Classes redefined (0 events):
No events

Internal exceptions (20 events):
Event: 0.447 Thread 0x00000222f35bbc00 Exception <a 'java/lang/NoSuchMethodError'{0x000000008785f0f0}: 'java.lang.Object java.lang.invoke.Invokers$Holder.linkToTargetMethod(java.lang.Object, long, java.lang.Object)'> (0x000000008785f0f0) 
thrown [s\src\hotspot\share\interpreter\linkResolver.cpp, line 771]
Event: 0.490 Thread 0x000002229343f0e0 Exception <a 'java/lang/NoSuchMethodError'{0x00000000876243c0}: static [B.<clinit>()V> (0x00000000876243c0) 
thrown [s\src\hotspot\share\prims\jni.cpp, line 1127]
Event: 0.490 Thread 0x000002229343ebd0 Exception <a 'java/lang/NoSuchMethodError'{0x000000008750a730}: static [B.<clinit>()V> (0x000000008750a730) 
thrown [s\src\hotspot\share\prims\jni.cpp, line 1127]
Event: 0.509 Thread 0x000002229343ebd0 Exception <a 'java/lang/NoSuchMethodError'{0x000000008753a528}: static [Ljava/rmi/server/ObjID;.<clinit>()V> (0x000000008753a528) 
thrown [s\src\hotspot\share\prims\jni.cpp, line 1127]
Event: 0.511 Thread 0x000002229343be40 Exception <a 'java/lang/InterruptedException'{0x0000000087576538}> (0x0000000087576538) 
thrown [s\src\hotspot\share\runtime\objectMonitor.cpp, line 1658]
Event: 0.512 Thread 0x000002229343ebd0 Exception <a 'java/lang/NoSuchMethodError'{0x0000000087541f38}: 'void java.lang.invoke.DirectMethodHandle$Holder.invokeSpecial(java.lang.Object, java.lang.Object, java.lang.Object)'> (0x0000000087541f38) 
thrown [s\src\hotspot\share\interpreter\linkResolver.cpp, line 771]
Event: 0.512 Thread 0x000002229343ebd0 Exception <a 'java/lang/NoSuchMethodError'{0x00000000875454a0}: 'void java.lang.invoke.Invokers$Holder.invoke_MT(java.lang.Object, java.lang.Object, java.lang.Object)'> (0x00000000875454a0) 
thrown [s\src\hotspot\share\interpreter\linkResolver.cpp, line 771]
Event: 0.512 Thread 0x000002229343be40 Exception <a 'java/lang/NoSuchMethodError'{0x000000008757ecd8}: 'java.lang.Object java.lang.invoke.DirectMethodHandle$Holder.newInvokeSpecial(java.lang.Object, java.lang.Object, int, java.lang.Object, long)'> (0x000000008757ecd8) 
thrown [s\src\hotspot\share\interpreter\linkResolver.cpp, line 771]
Event: 0.589 Thread 0x000002229343ebd0 Exception <a 'java/lang/NoSuchMethodError'{0x0000000087220a88}: 'java.lang.Object java.lang.invoke.DirectMethodHandle$Holder.invokeInterface(java.lang.Object, java.lang.Object)'> (0x0000000087220a88) 
thrown [s\src\hotspot\share\interpreter\linkResolver.cpp, line 771]
Event: 0.615 Thread 0x000002229343ebd0 Exception <a 'java/lang/NoSuchMethodError'{0x00000000872c52b0}: 'java.lang.Object java.lang.invoke.DirectMethodHandle$Holder.invokeVirtual(java.lang.Object, java.lang.Object, java.lang.Object, java.lang.Object)'> (0x00000000872c52b0) 
thrown [s\src\hotspot\share\interpreter\linkResolver.cpp, line 771]
Event: 0.616 Thread 0x000002229343ebd0 Exception <a 'java/lang/NoSuchMethodError'{0x00000000872cdb20}: 'void java.lang.invoke.DirectMethodHandle$Holder.invokeStatic(java.lang.Object, java.lang.Object, java.lang.Object, java.lang.Object)'> (0x00000000872cdb20) 
thrown [s\src\hotspot\share\interpreter\linkResolver.cpp, line 771]
Event: 0.628 Thread 0x000002229343ebd0 Exception <a 'java/lang/NoSuchMethodError'{0x00000000871393e8}: 'int java.lang.invoke.DirectMethodHandle$Holder.invokeStaticInit(java.lang.Object, java.lang.Object, java.lang.Object, java.lang.Object)'> (0x00000000871393e8) 
thrown [s\src\hotspot\share\interpreter\linkResolver.cpp, line 771]
Event: 0.629 Thread 0x000002229343ebd0 Exception <a 'java/lang/IncompatibleClassChangeError'{0x00000000871425b8}: Found class java.lang.Object, but interface was expected> (0x00000000871425b8) 
thrown [s\src\hotspot\share\interpreter\linkResolver.cpp, line 838]
Event: 0.630 Thread 0x000002229343ebd0 Exception <a 'java/lang/NoSuchMethodError'{0x0000000087147e18}: 'int java.lang.invoke.DirectMethodHandle$Holder.invokeStaticInit(java.lang.Object, java.lang.Object)'> (0x0000000087147e18) 
thrown [s\src\hotspot\share\interpreter\linkResolver.cpp, line 771]
Event: 0.764 Thread 0x000002229343ebd0 Exception <a 'sun/nio/fs/WindowsException'{0x0000000086d20fa0}> (0x0000000086d20fa0) 
thrown [s\src\hotspot\share\prims\jni.cpp, line 531]
Event: 0.811 Thread 0x000002229343ebd0 Implicit null exception at 0x0000022287c03fad to 0x0000022287c048ac
Event: 0.877 Thread 0x000002229343ebd0 Exception <a 'java/lang/NoSuchMethodError'{0x0000000086a58d80}: 'java.lang.Object java.lang.invoke.DirectMethodHandle$Holder.invokeStaticInit(java.lang.Object, java.lang.Object, java.lang.Object)'> (0x0000000086a58d80) 
thrown [s\src\hotspot\share\interpreter\linkResolver.cpp, line 771]
Event: 0.884 Thread 0x000002229343ebd0 Exception <a 'java/lang/NoSuchMethodError'{0x0000000086ab2ae0}: 'java.lang.Object java.lang.invoke.DirectMethodHandle$Holder.newInvokeSpecial(java.lang.Object, java.lang.Object, int)'> (0x0000000086ab2ae0) 
thrown [s\src\hotspot\share\interpreter\linkResolver.cpp, line 771]
Event: 1.110 Thread 0x000002229343ebd0 Exception <a 'java/lang/NoSuchMethodError'{0x0000000087b46090}: static [Ljava/lang/Object;.<clinit>()V> (0x0000000087b46090) 
thrown [s\src\hotspot\share\prims\jni.cpp, line 1127]
Event: 1.246 Thread 0x000002229343f0e0 Exception <a 'java/lang/NoSuchMethodError'{0x0000000087af7fd0}: static Lcom/intellij/database/remote/jdbc/RemoteResultSet$DataRetrievingOptions;.<clinit>()V> (0x0000000087af7fd0) 
thrown [s\src\hotspot\share\prims\jni.cpp, line 1127]

VM Operations (20 events):
Event: 2337.681 Executing VM operation: Cleanup
Event: 2337.681 Executing VM operation: Cleanup done
Event: 2352.800 Executing VM operation: Cleanup
Event: 2352.800 Executing VM operation: Cleanup done
Event: 2355.809 Executing VM operation: Cleanup
Event: 2355.810 Executing VM operation: Cleanup done
Event: 2938.282 Executing VM operation: Cleanup
Event: 2938.282 Executing VM operation: Cleanup done
Event: 3028.309 Executing VM operation: Cleanup
Event: 3028.309 Executing VM operation: Cleanup done
Event: 3235.374 Executing VM operation: Cleanup
Event: 3235.374 Executing VM operation: Cleanup done
Event: 3600.026 Executing VM operation: G1CollectFull
Event: 3600.149 Executing VM operation: G1CollectFull done
Event: 3601.150 Executing VM operation: Cleanup
Event: 3601.150 Executing VM operation: Cleanup done
Event: 4120.316 Executing VM operation: Cleanup
Event: 4120.316 Executing VM operation: Cleanup done
Event: 4381.396 Executing VM operation: Cleanup
Event: 4381.396 Executing VM operation: Cleanup done

Events (20 events):
Event: 1.397 Thread 0x00000222933ded40 Thread exited: 0x00000222933ded40
Event: 2.370 Thread 0x000002229453f7d0 Thread exited: 0x000002229453f7d0
Event: 2.371 Thread 0x000002229343c860 Thread added: 0x000002229343c860
Event: 2.372 Thread 0x000002229343cd70 Thread added: 0x000002229343cd70
Event: 2.372 Thread 0x000002229343d280 Thread added: 0x000002229343d280
Event: 2.372 Thread 0x000002229343d790 Thread added: 0x000002229343d790
Event: 2.372 Thread 0x000002229343dca0 Thread added: 0x000002229343dca0
Event: 2.372 Thread 0x000002229343e1b0 Thread added: 0x000002229343e1b0
Event: 2.372 Thread 0x000002229343c860 Thread exited: 0x000002229343c860
Event: 2.372 Thread 0x000002229343d790 Thread exited: 0x000002229343d790
Event: 2.372 Thread 0x000002229343cd70 Thread exited: 0x000002229343cd70
Event: 2.372 Thread 0x000002229343e1b0 Thread exited: 0x000002229343e1b0
Event: 2.372 Thread 0x000002229343dca0 Thread exited: 0x000002229343dca0
Event: 2.372 Thread 0x000002229343d280 Thread exited: 0x000002229343d280
Event: 7.371 Thread 0x00000222ffd0b820 Thread exited: 0x00000222ffd0b820
Event: 14.496 Thread 0x00000222ffd0b300 Thread exited: 0x00000222ffd0b300
Event: 90.496 Thread 0x00000222933f21b0 Thread exited: 0x00000222933f21b0
Event: 90.506 Thread 0x000002229343ebd0 Thread exited: 0x000002229343ebd0
Event: 511.163 Thread 0x00000222932d0790 Thread added: 0x00000222932d0790
Event: 514.033 Thread 0x00000222932d0790 Thread exited: 0x00000222932d0790


Dynamic libraries:
0x00007ff7ebfc0000 - 0x00007ff7ebfca000 	D:\IntelliJ IDEA 2024.1.4\jbr\bin\java.exe
0x00007ffa32860000 - 0x00007ffa32ac5000 	C:\WINDOWS\SYSTEM32\ntdll.dll
0x00007ffa31230000 - 0x00007ffa312f9000 	C:\WINDOWS\System32\KERNEL32.DLL
0x00007ffa2fbc0000 - 0x00007ffa2ffa8000 	C:\WINDOWS\System32\KERNELBASE.dll
0x00007ffa2ffb0000 - 0x00007ffa300fb000 	C:\WINDOWS\System32\ucrtbase.dll
0x00007ff9e3cf0000 - 0x00007ff9e3d07000 	D:\IntelliJ IDEA 2024.1.4\jbr\bin\jli.dll
0x00007ff9e3c20000 - 0x00007ff9e3c3b000 	D:\IntelliJ IDEA 2024.1.4\jbr\bin\VCRUNTIME140.dll
0x00007ffa32550000 - 0x00007ffa3271a000 	C:\WINDOWS\System32\USER32.dll
0x00007ffa305d0000 - 0x00007ffa305f7000 	C:\WINDOWS\System32\win32u.dll
0x00007ffa31300000 - 0x00007ffa3132b000 	C:\WINDOWS\System32\GDI32.dll
0x00007ffa301c0000 - 0x00007ffa302f7000 	C:\WINDOWS\System32\gdi32full.dll
0x00007ffa18030000 - 0x00007ffa182ca000 	C:\WINDOWS\WinSxS\amd64_microsoft.windows.common-controls_6595b64144ccf1df_6.0.26100.4202_none_3e0698d4e335f517\COMCTL32.dll
0x00007ffa30300000 - 0x00007ffa303a3000 	C:\WINDOWS\System32\msvcp_win.dll
0x00007ffa30d30000 - 0x00007ffa30dd9000 	C:\WINDOWS\System32\msvcrt.dll
0x00007ffa31ea0000 - 0x00007ffa31ed0000 	C:\WINDOWS\System32\IMM32.DLL
0x00007ff9ec930000 - 0x00007ff9ec93c000 	D:\IntelliJ IDEA 2024.1.4\jbr\bin\vcruntime140_1.dll
0x00007ff9c2d10000 - 0x00007ff9c2d9d000 	D:\IntelliJ IDEA 2024.1.4\jbr\bin\msvcp140.dll
0x00007ff92b110000 - 0x00007ff92bd9a000 	D:\IntelliJ IDEA 2024.1.4\jbr\bin\server\jvm.dll
0x00007ffa31330000 - 0x00007ffa313e3000 	C:\WINDOWS\System32\ADVAPI32.dll
0x00007ffa32760000 - 0x00007ffa32806000 	C:\WINDOWS\System32\sechost.dll
0x00007ffa31110000 - 0x00007ffa31225000 	C:\WINDOWS\System32\RPCRT4.dll
0x00007ffa31090000 - 0x00007ffa31104000 	C:\WINDOWS\System32\WS2_32.dll
0x00007ffa25890000 - 0x00007ffa258c5000 	C:\WINDOWS\SYSTEM32\WINMM.dll
0x00007ffa2e5a0000 - 0x00007ffa2e5fe000 	C:\WINDOWS\SYSTEM32\POWRPROF.dll
0x00007ffa286a0000 - 0x00007ffa286ab000 	C:\WINDOWS\SYSTEM32\VERSION.dll
0x00007ffa2e580000 - 0x00007ffa2e594000 	C:\WINDOWS\SYSTEM32\UMPDC.dll
0x00007ffa2e870000 - 0x00007ffa2e88b000 	C:\WINDOWS\SYSTEM32\kernel.appcore.dll
0x00007ffa15420000 - 0x00007ffa1542a000 	D:\IntelliJ IDEA 2024.1.4\jbr\bin\jimage.dll
0x00007ffa2d060000 - 0x00007ffa2d2a1000 	C:\WINDOWS\SYSTEM32\DBGHELP.DLL
0x00007ffa308f0000 - 0x00007ffa30c75000 	C:\WINDOWS\System32\combase.dll
0x00007ffa30740000 - 0x00007ffa30821000 	C:\WINDOWS\System32\OLEAUT32.dll
0x00007ffa18930000 - 0x00007ffa18969000 	C:\WINDOWS\SYSTEM32\dbgcore.DLL
0x00007ffa30530000 - 0x00007ffa305c9000 	C:\WINDOWS\System32\bcryptPrimitives.dll
0x00007ff9ed190000 - 0x00007ff9ed1b5000 	D:\IntelliJ IDEA 2024.1.4\jbr\bin\java.dll
0x00007ff9eeb80000 - 0x00007ff9eeb98000 	D:\IntelliJ IDEA 2024.1.4\jbr\bin\zip.dll
0x00007ffa31650000 - 0x00007ffa31d92000 	C:\WINDOWS\System32\SHELL32.dll
0x00007ffa2f9b0000 - 0x00007ffa2fb24000 	C:\WINDOWS\System32\wintypes.dll
0x00007ffa2d610000 - 0x00007ffa2de67000 	C:\WINDOWS\SYSTEM32\windows.storage.dll
0x00007ffa30de0000 - 0x00007ffa30ed1000 	C:\WINDOWS\System32\SHCORE.dll
0x00007ffa30880000 - 0x00007ffa308ea000 	C:\WINDOWS\System32\shlwapi.dll
0x00007ffa2f8c0000 - 0x00007ffa2f8ef000 	C:\WINDOWS\SYSTEM32\profapi.dll
0x00007ff9ee100000 - 0x00007ff9ee119000 	D:\IntelliJ IDEA 2024.1.4\jbr\bin\net.dll
0x00007ffa281a0000 - 0x00007ffa282be000 	C:\WINDOWS\SYSTEM32\WINHTTP.dll
0x00007ffa2ee00000 - 0x00007ffa2ee6a000 	C:\WINDOWS\system32\mswsock.dll
0x00007ff9ec940000 - 0x00007ff9ec956000 	D:\IntelliJ IDEA 2024.1.4\jbr\bin\nio.dll
0x00007ffa2e1d0000 - 0x00007ffa2e203000 	C:\WINDOWS\SYSTEM32\IPHLPAPI.DLL
0x00007ffa32750000 - 0x00007ffa3275a000 	C:\WINDOWS\System32\NSI.dll
0x00007ffa286b0000 - 0x00007ffa286cf000 	C:\WINDOWS\SYSTEM32\dhcpcsvc6.DLL
0x00007ffa27be0000 - 0x00007ffa27c05000 	C:\WINDOWS\SYSTEM32\dhcpcsvc.DLL
0x00007ffa2e270000 - 0x00007ffa2e397000 	C:\WINDOWS\SYSTEM32\DNSAPI.dll
0x00007ffa2f0b0000 - 0x00007ffa2f0cb000 	C:\WINDOWS\SYSTEM32\CRYPTSP.dll
0x00007ffa2e7c0000 - 0x00007ffa2e7fa000 	C:\WINDOWS\system32\rsaenh.dll
0x00007ffa2eea0000 - 0x00007ffa2eecb000 	C:\WINDOWS\SYSTEM32\USERENV.dll
0x00007ffa2f890000 - 0x00007ffa2f8b6000 	C:\WINDOWS\SYSTEM32\bcrypt.dll
0x00007ffa2f0d0000 - 0x00007ffa2f0dc000 	C:\WINDOWS\SYSTEM32\CRYPTBASE.dll
0x00007ff9f6eb0000 - 0x00007ff9f6eb9000 	D:\IntelliJ IDEA 2024.1.4\jbr\bin\extnet.dll
0x00007ff9e9200000 - 0x00007ff9e9207000 	D:\IntelliJ IDEA 2024.1.4\jbr\bin\rmi.dll
0x00007ffa250a0000 - 0x00007ffa250ab000 	C:\Windows\System32\rasadhlp.dll
0x00007ffa271e0000 - 0x00007ffa27266000 	C:\WINDOWS\System32\fwpuclnt.dll
0x00007ff9f04c0000 - 0x00007ff9f04c9000 	D:\IntelliJ IDEA 2024.1.4\jbr\bin\management.dll
0x00007ff9ed180000 - 0x00007ff9ed18b000 	D:\IntelliJ IDEA 2024.1.4\jbr\bin\management_ext.dll
0x00007ffa30d20000 - 0x00007ffa30d28000 	C:\WINDOWS\System32\PSAPI.DLL

dbghelp: loaded successfully - version: 4.0.5 - missing functions: none
symbol engine: initialized successfully - sym options: 0x614 - pdb path: .;D:\IntelliJ IDEA 2024.1.4\jbr\bin;C:\WINDOWS\SYSTEM32;C:\WINDOWS\WinSxS\amd64_microsoft.windows.common-controls_6595b64144ccf1df_6.0.26100.4202_none_3e0698d4e335f517;D:\IntelliJ IDEA 2024.1.4\jbr\bin\server

VM Arguments:
jvm_args: -Djava.rmi.server.hostname=127.0.0.1 -Duser.timezone=UTC -Xmx2048m -Xms128m -Djdbc.classpath=D:\IntelliJ IDEA 2024.1.4\plugins\DatabaseTools\lib\jdbc-console.jar;C:\Users\Tasriad Ahmed Tias\AppData\Roaming\JetBrains\IntelliJIdea2024.1\jdbc-drivers\PostgreSQL\42.7.3\org\postgresql\postgresql\42.7.3\postgresql-42.7.3.jar;C:\Users\Tasriad Ahmed Tias\AppData\Roaming\JetBrains\IntelliJIdea2024.1\jdbc-drivers\PostgreSQL\42.7.3\org\checkerframework\checker-qual\3.42.0\checker-qual-3.42.0.jar;C:\Users\Tasriad Ahmed Tias\AppData\Roaming\JetBrains\IntelliJIdea2024.1\jdbc-drivers\PostgreSQL\42.7.3\com\github\waffle\waffle-jna\1.9.1\waffle-jna-1.9.1.jar;C:\Users\Tasriad Ahmed Tias\AppData\Roaming\JetBrains\IntelliJIdea2024.1\jdbc-drivers\PostgreSQL\42.7.3\net\java\dev\jna\jna\4.5.1\jna-4.5.1.jar;C:\Users\Tasriad Ahmed Tias\AppData\Roaming\JetBrains\IntelliJIdea2024.1\jdbc-drivers\PostgreSQL\42.7.3\net\java\dev\jna\jna-platform\4.5.1\jna-platform-4.5.1.jar;C:\Users\Tasriad Ahmed Tias\AppData\Roaming\JetBrains\IntelliJIdea2024.1\jdbc-drivers\PostgreSQL\42.7.3\org\slf4j\jcl-over-slf4j\1.7.25\jcl-over-slf4j-1.7.25.jar;C:\Users\Tasriad Ahmed Tias\AppData\Roaming\JetBrains\IntelliJIdea2024.1\jdbc-drivers\PostgreSQL\42.7.3\org\slf4j\slf4j-api\1.7.25\slf4j-api-1.7.25.jar;C:\Users\Tasriad Ahmed Tias\AppData\Roaming\JetBrains\IntelliJIdea2024.1\jdbc-drivers\PostgreSQL\42.7.3\com\github\ben-manes\caffeine\caffeine\2.6.2\caffeine-2.6.2.jar --add-exports=java.desktop/sun.awt=ALL-UNNAMED --add-exports=java.desktop/java.awt.peer=ALL-UNNAMED --add-opens=java.desktop/java.awt=ALL-UNNAMED --add-opens=jdk.unsupported/sun.misc=ALL-UNNAMED --add-opens=java.base/java.nio=ALL-UNNAMED --add-opens=java.base/java.util=ALL-UNNAMED -Dfile.encoding=UTF-8 
java_command: com.intellij.database.remote.RemoteJdbcServer org.postgresql.Driver
java_class_path (initial): D:\IntelliJ IDEA 2024.1.4\lib\util_rt.jar;D:\IntelliJ IDEA 2024.1.4\lib\util-8.jar;D:\IntelliJ IDEA 2024.1.4\lib\groovy.jar;D:\IntelliJ IDEA 2024.1.4\plugins\DatabaseTools\lib\jdbc-console.jar;D:\IntelliJ IDEA 2024.1.4\plugins\grid-core-impl\lib\jdbc-console-types.jar;D:\IntelliJ IDEA 2024.1.4\lib\util.jar
Launcher Type: SUN_STANDARD

[Global flags]
     intx CICompilerCount                          = 12                                        {product} {ergonomic}
     uint ConcGCThreads                            = 3                                         {product} {ergonomic}
     uint G1ConcRefinementThreads                  = 13                                        {product} {ergonomic}
   size_t G1HeapRegionSize                         = 1048576                                   {product} {ergonomic}
    uintx GCDrainStackTargetSize                   = 64                                        {product} {ergonomic}
   size_t InitialHeapSize                          = 134217728                                 {product} {command line}
   size_t MarkStackSize                            = 4194304                                   {product} {ergonomic}
   size_t MaxHeapSize                              = 2147483648                                {product} {command line}
   size_t MaxNewSize                               = 1287651328                                {product} {ergonomic}
   size_t MinHeapDeltaBytes                        = 1048576                                   {product} {ergonomic}
   size_t MinHeapSize                              = 134217728                                 {product} {command line}
    uintx NonNMethodCodeHeapSize                   = 7602480                                {pd product} {ergonomic}
    uintx NonProfiledCodeHeapSize                  = 122027880                              {pd product} {ergonomic}
    uintx ProfiledCodeHeapSize                     = 122027880                              {pd product} {ergonomic}
    uintx ReservedCodeCacheSize                    = 251658240                              {pd product} {ergonomic}
     bool SegmentedCodeCache                       = true                                      {product} {ergonomic}
   size_t SoftMaxHeapSize                          = 2147483648                             {manageable} {ergonomic}
     bool UseCompressedClassPointers               = true                           {product lp64_product} {ergonomic}
     bool UseCompressedOops                        = true                           {product lp64_product} {ergonomic}
     bool UseG1GC                                  = true                                      {product} {ergonomic}
     bool UseLargePagesIndividualAllocation        = false                                  {pd product} {ergonomic}

Logging:
Log output configuration:
 #0: stdout all=warning uptime,level,tags
 #1: stderr all=off uptime,level,tags

Environment Variables:
JAVA_HOME=C:\Program Files\Java\jdk-21
PATH=C:\Program Files\Common Files\Oracle\Java\javapath;C:\Windows\system32;C:\Windows;C:\Windows\System32\Wbem;C:\Windows\System32\WindowsPowerShell\v1.0\;C:\Windows\System32\OpenSSH\;C:\Program Files (x86)\NVIDIA Corporation\PhysX\Common;C:\Users\Tasriad Ahmed Tias\AppData\Local\Programs\Python\Python311\Scripts\;C:\Users\Tasriad Ahmed Tias\AppData\Local\Programs\Python\Python311\;D:\MSYS2\mingw64\bin;C:\MinGW\bin;C:\Program Files\Git\cmd;C:\WINDOWS\system32;C:\WINDOWS;C:\WINDOWS\System32\Wbem;C:\WINDOWS\System32\WindowsPowerShell\v1.0\;C:\WINDOWS\System32\OpenSSH\;C:\Program Files (x86)\WinMerge;C:\ProgramData\chocolatey\bin;C:\Program Files\starship\bin\;D:\Cmake\bin;C:\Program Files\Java\jdk-21\bin;D:\apache-maven\apache-maven-3.9.8\bin;C:\Program Files\dotnet\;C:\Program Files\nodejs\;C:\Program Files\NVIDIA Corporation\NVIDIA app\NvDLISR;;C:\Program Files\Docker\Docker\resources\bin;C:\Users\Tasriad Ahmed Tias\AppData\Local\Programs\Python\Python311\Scripts\;C:\Users\Tasriad Ahmed Tias\AppData\Local\Programs\Python\Python311\;C:\Users\Tasriad Ahmed Tias\AppData\Local\Microsoft\WindowsApps;C:\Users\Tasriad Ahmed Tias\AppData\Local\Programs\Microsoft VS Code\bin;C:\Program Files\JetBrains\PyCharm 2023.1.2\bin;;D:\IntelliJ IDEA 2024.1.4\bin;;C:\Program Files\JetBrains\IntelliJ IDEA Educational Edition 2022.2.2\bin;;C:\Program Files\JetBrains\PyCharm Community Edition 2023.2.5\bin;;C:\Users\Tasriad Ahmed Tias\AppData\Local\Microsoft\WinGet\Packages\Schniz.fnm_Microsoft.Winget.Source_8wekyb3d8bbwe;C:\Users\Tasriad Ahmed Tias\AppData\Roaming\npm;C:\Users\Tasriad Ahmed Tias\AppData\Local\Programs\cursor\resources\app\bin;C:\Users\Tasriad Ahmed Tias\AppData\Roaming\pypoetry\venv\Scripts;C:\Program Files\Graphviz\bin;
USERNAME=Tasriad Ahmed Tias
OS=Windows_NT
PROCESSOR_IDENTIFIER=Intel64 Family 6 Model 154 Stepping 3, GenuineIntel
TMP=C:\Users\TASRIA~1\AppData\Local\Temp
TEMP=C:\Users\TASRIA~1\AppData\Local\Temp



Periodic native trim disabled

JNI global refs:
JNI global refs: 25, weak refs: 0

JNI global refs memory usage: 843, weak refs: 209

Process memory usage:
Resident Set Size: 20588K (0% of 16495096K total physical memory with 740300K free physical memory)

OOME stack traces (most recent first):
Classloader memory used:
Loader bootstrap                                                                       : 1968K
Loader jdk.internal.loader.ClassLoaders$AppClassLoader                                 : 219K
Loader com.intellij.database.remote.jdbc.impl.JdbcClassLoader$JdbcClassLoaderImpl      : 217K
Loader jdk.internal.loader.ClassLoaders$PlatformClassLoader                            : 44540B
Loader jdk.internal.reflect.DelegatingClassLoader                                      : 16762B
Loader com.intellij.database.remote.jdbc.impl.JdbcClassLoader$1                        : 829B


---------------  S Y S T E M  ---------------

OS:
 Windows 11 , 64 bit Build 26100 (10.0.26100.4202)
OS uptime: 3 days 7:26 hours
Hyper-V role detected

CPU: total 16 (initial active 16) (8 cores per cpu, 2 threads per core) family 6 model 154 stepping 3 microcode 0x432, cx8, cmov, fxsr, ht, mmx, 3dnowpref, sse, sse2, sse3, ssse3, sse4.1, sse4.2, popcnt, lzcnt, tsc, tscinvbit, avx, avx2, aes, erms, clmul, bmi1, bmi2, adx, sha, fma, vzeroupper, clflush, clflushopt, clwb, hv
Processor Information for processor 0
  Max Mhz: 2500, Current Mhz: 2500, Mhz Limit: 2500
Processor Information for processor 1
  Max Mhz: 2500, Current Mhz: 2500, Mhz Limit: 2500
Processor Information for processor 2
  Max Mhz: 2500, Current Mhz: 2500, Mhz Limit: 2500
Processor Information for processor 3
  Max Mhz: 2500, Current Mhz: 2500, Mhz Limit: 2500
Processor Information for processor 4
  Max Mhz: 2500, Current Mhz: 2500, Mhz Limit: 2500
Processor Information for processor 5
  Max Mhz: 2500, Current Mhz: 2500, Mhz Limit: 2500
Processor Information for processor 6
  Max Mhz: 2500, Current Mhz: 2500, Mhz Limit: 2500
Processor Information for processor 7
  Max Mhz: 2500, Current Mhz: 2500, Mhz Limit: 2500
Processor Information for processor 8
  Max Mhz: 2500, Current Mhz: 1800, Mhz Limit: 1800
Processor Information for processor 9
  Max Mhz: 2500, Current Mhz: 1800, Mhz Limit: 1800
Processor Information for processor 10
  Max Mhz: 2500, Current Mhz: 1800, Mhz Limit: 1800
Processor Information for processor 11
  Max Mhz: 2500, Current Mhz: 1800, Mhz Limit: 1800
Processor Information for processor 12
  Max Mhz: 2500, Current Mhz: 1800, Mhz Limit: 1800
Processor Information for processor 13
  Max Mhz: 2500, Current Mhz: 1500, Mhz Limit: 1800
Processor Information for processor 14
  Max Mhz: 2500, Current Mhz: 1800, Mhz Limit: 1800
Processor Information for processor 15
  Max Mhz: 2500, Current Mhz: 1800, Mhz Limit: 1800

Memory: 4k page, system-wide physical 16108M (719M free)
TotalPageFile size 48109M (AvailPageFile size 6M)
current process WorkingSet (physical memory assigned to process): 23M, peak: 113M
current process commit charge ("private bytes"): 246M, peak: 269M

vm_info: OpenJDK 64-Bit Server VM (17.0.12+1-b1207.37) for windows-amd64 JRE (17.0.12+1-b1207.37), built on 2024-09-25 by "builduser" with MS VC++ 16.10 / 16.11 (VS2019)

END.
